
> frontend@0.0.0 dev
> vite


  VITE v6.4.3  ready in 580 ms

  ➜  Local:   http://localhost:3000/
  ➜  Network: use --host to expose
12:04:43 AM [vite] http proxy error: /api/products/categories
AggregateError [ECONNREFUSED]:
    at internalConnectMultiple (node:net:1134:18)
    at afterConnectMultiple (node:net:1715:7)
12:04:43 AM [vite] http proxy error: /api/products/categories
AggregateError [ECONNREFUSED]:
    at internalConnectMultiple (node:net:1134:18)
    at afterConnectMultiple (node:net:1715:7)
12:04:44 AM [vite] http proxy error: /api/products/categories
AggregateError [ECONNREFUSED]:
    at internalConnectMultiple (node:net:1134:18)
    at afterConnectMultiple (node:net:1715:7)
12:04:44 AM [vite] http proxy error: /api/products/brands
AggregateError [ECONNREFUSED]:
    at internalConnectMultiple (node:net:1134:18)
    at afterConnectMultiple (node:net:1715:7)
12:04:44 AM [vite] http proxy error: /api/products?
AggregateError [ECONNREFUSED]:
    at internalConnectMultiple (node:net:1134:18)
    at afterConnectMultiple (node:net:1715:7)
12:04:44 AM [vite] http proxy error: /api/products/categories
AggregateError [ECONNREFUSED]:
    at internalConnectMultiple (node:net:1134:18)
    at afterConnectMultiple (node:net:1715:7)
12:04:44 AM [vite] http proxy error: /api/products/brands
AggregateError [ECONNREFUSED]:
    at internalConnectMultiple (node:net:1134:18)
    at afterConnectMultiple (node:net:1715:7)
12:04:44 AM [vite] http proxy error: /api/products?
AggregateError [ECONNREFUSED]:
    at internalConnectMultiple (node:net:1134:18)
    at afterConnectMultiple (node:net:1715:7)
12:31:44 AM [vite] (client) hmr update /src/pages/admin/AdminDashboard.tsx, /src/index.css
